0 verbose cli /Users/zach/.nvm/versions/node/v18.20.8/bin/node /Users/zach/.nvm/versions/node/v18.20.8/lib/node_modules/npm/bin/npm-cli.js
1 info using npm@10.8.2
2 info using node@v18.20.8
3 silly config load:file:/Users/zach/.nvm/versions/node/v18.20.8/lib/node_modules/npm/npmrc
4 silly config load:file:/Users/zach/Desktop/.npmrc
5 silly config load:file:/Users/zach/.npmrc
6 silly config load:file:/Users/zach/.nvm/versions/node/v18.20.8/etc/npmrc
7 verbose title npm exec create-expo-app@latest stepin-app --template blank-typescript
8 verbose argv "exec" "--" "create-expo-app@latest" "stepin-app" "--template" "blank-typescript"
9 verbose logfile logs-max:10 dir:/Users/zach/Desktop/Steppin/.npm-cache/_logs/2025-10-05T19_31_02_066Z-
10 verbose logfile /Users/zach/Desktop/Steppin/.npm-cache/_logs/2025-10-05T19_31_02_066Z-debug-0.log
11 silly logfile done cleaning log files
12 silly packumentCache heap:4345298944 maxSize:1086324736 maxEntrySize:543162368
13 verbose shrinkwrap failed to load node_modules/.package-lock.json out of date, updated: node_modules
14 http fetch GET 200 https://registry.npmjs.org/npm 458ms
15 http fetch GET 200 https://registry.npmjs.org/create-expo-app 79ms (cache miss)
16 silly packumentCache heap:4345298944 maxSize:1086324736 maxEntrySize:543162368
17 silly packumentCache heap:4345298944 maxSize:1086324736 maxEntrySize:543162368
18 silly idealTree buildDeps
19 silly fetch manifest create-expo-app@3.5.3
20 silly packumentCache full:https://registry.npmjs.org/create-expo-app cache-miss
21 http fetch GET 200 https://registry.npmjs.org/create-expo-app 138ms (cache miss)
22 silly packumentCache full:https://registry.npmjs.org/create-expo-app set size:undefined disposed:false
23 silly placeDep ROOT create-expo-app@3.5.3 OK for:  want: 3.5.3
24 silly reify moves {}
25 silly audit bulk request { 'create-expo-app': [ '3.5.3' ] }
26 silly tarball no local data for create-expo-app@https://registry.npmjs.org/create-expo-app/-/create-expo-app-3.5.3.tgz. Extracting by manifest.
27 http fetch POST 200 https://registry.npmjs.org/-/npm/v1/security/advisories/bulk 142ms
28 silly audit report {}
29 http fetch GET 200 https://registry.npmjs.org/create-expo-app/-/create-expo-app-3.5.3.tgz 198ms (cache miss)
30 verbose cwd /Users/zach/Desktop/Steppin
31 verbose os Darwin 24.6.0
32 verbose node v18.20.8
33 verbose npm  v10.8.2
34 notice
34 notice New [31mmajor[39m version of npm available! [31m10.8.2[39m -> [34m11.6.1[39m
34 notice Changelog: [34mhttps://github.com/npm/cli/releases/tag/v11.6.1[39m
34 notice To update run: [4mnpm install -g npm@11.6.1[24m
34 notice  { force: true, [Symbol(proc-log.meta)]: true }
35 verbose exit 0
36 info ok
