0 verbose cli /Users/zach/.nvm/versions/node/v18.20.8/bin/node /Users/zach/.nvm/versions/node/v18.20.8/bin/npm
1 info using npm@10.8.2
2 info using node@v18.20.8
3 silly config load:file:/Users/zach/.nvm/versions/node/v18.20.8/lib/node_modules/npm/npmrc
4 silly config load:file:/private/var/folders/xw/wy0mmntn4mv648kngfz29k0w0000gn/T/.create-expo-app/template-cache/.npmrc
5 silly config load:file:/Users/zach/.npmrc
6 silly config load:file:/Users/zach/.nvm/versions/node/v18.20.8/etc/npmrc
7 verbose title npm pack expo-template-blank-typescript@latest
8 verbose argv "pack" "expo-template-blank-typescript@latest" "--dry-run" "--json"
9 verbose logfile logs-max:10 dir:/Users/zach/Desktop/Steppin/.npm-cache/_logs/2025-10-05T19_34_10_817Z-
10 verbose logfile /Users/zach/Desktop/Steppin/.npm-cache/_logs/2025-10-05T19_34_10_817Z-debug-0.log
11 silly logfile done cleaning log files
12 http fetch GET 200 https://registry.npmjs.org/expo-template-blank-typescript 203ms (cache miss)
13 http fetch GET 200 https://registry.npmjs.org/expo-template-blank-typescript 7ms (cache hit)
14 silly tarball no local data for https://registry.npmjs.org/expo-template-blank-typescript/-/expo-template-blank-typescript-54.0.25.tgz. Extracting by manifest.
15 http fetch GET 200 https://registry.npmjs.org/expo-template-blank-typescript/-/expo-template-blank-typescript-54.0.25.tgz 58ms (cache miss)
16 verbose cwd /private/var/folders/xw/wy0mmntn4mv648kngfz29k0w0000gn/T/.create-expo-app/template-cache
17 verbose os Darwin 24.6.0
18 verbose node v18.20.8
19 verbose npm  v10.8.2
20 verbose exit 0
21 info ok
